<?xml version="1.0" encoding="UTF-8"?>
<!-- Generated by org.testng.reporters.JUnitReportReporter -->
<testsuite hostname="DESKTOP-0PLJKRS" failures="0" tests="5" name="TestNG.PriorityEnabledInvocationCount" time="0.030" errors="0" timestamp="2022-11-02T17:18:25 IST" skipped="0">
  <testcase classname="TestNG.PriorityEnabledInvocationCount" name="run" time="0.016"/>
  <system-out>
    <![CDATA[Priority bigger negative]]>
  </system-out>
  <testcase classname="TestNG.PriorityEnabledInvocationCount" name="run3" time="0.004"/>
  <system-out>
    <![CDATA[Priority normal negative]]>
  </system-out>
  <testcase classname="TestNG.PriorityEnabledInvocationCount" name="run2" time="0.002"/>
  <system-out>
    <![CDATA[Standard zero]]>
  </system-out>
  <testcase classname="TestNG.PriorityEnabledInvocationCount" name="run1" time="0.004"/>
  <system-out>
    <![CDATA[Standard positive]]>
  </system-out>
  <testcase classname="TestNG.PriorityEnabledInvocationCount" name="run4" time="0.004"/>
  <system-out>
    <![CDATA[Standard bigger positive]]>
  </system-out>
</testsuite> <!-- TestNG.PriorityEnabledInvocationCount -->
