<?xml version="1.0" encoding="UTF-8"?>
<!-- Generated by org.testng.reporters.JUnitReportReporter -->
<testsuite hostname="DESKTOP-0PLJKRS" failures="0" tests="4" name="TestNG.PriorityandEnabled" time="0.021" errors="0" timestamp="2022-11-02T18:25:04 IST" skipped="1">
  <testcase classname="TestNG.PriorityandEnabled" name="abc" time="0.015"/>
  <system-out>
    <![CDATA[Enable successfully]]>
  </system-out>
  <testcase classname="TestNG.PriorityandEnabled" name="abc" time="0.003"/>
  <system-out>
    <![CDATA[Enable successfully]]>
  </system-out>
  <testcase classname="TestNG.PriorityandEnabled" name="abc" time="0.003"/>
  <system-out>
    <![CDATA[Enable successfully]]>
  </system-out>
  <testcase classname="TestNG.PriorityandEnabled" name="xyz">
    <skipped/>
  </testcase> <!-- xyz -->
  <system-out/>
</testsuite> <!-- TestNG.PriorityandEnabled -->
