<?xml version="1.0" encoding="UTF-8"?>
<!-- Generated by org.testng.reporters.JUnitReportReporter -->
<testsuite hostname="DESKTOP-0PLJKRS" failures="0" tests="6" name="TestNG.GroupingExecution" time="0.030" errors="0" timestamp="2022-11-02T19:29:27 IST" skipped="0">
  <testcase classname="TestNG.GroupingExecution" name="ft1" time="0.018"/>
  <system-out>
    <![CDATA[Functional test1]]>
  </system-out>
  <testcase classname="TestNG.GroupingExecution" name="ft2" time="0.002"/>
  <system-out>
    <![CDATA[Functional test2]]>
  </system-out>
  <testcase classname="TestNG.GroupingExecution" name="itgrp1" time="0.002"/>
  <system-out>
    <![CDATA[IT test1]]>
  </system-out>
  <testcase classname="TestNG.GroupingExecution" name="itgrp3" time="0.002"/>
  <system-out>
    <![CDATA[It test3]]>
  </system-out>
  <testcase classname="TestNG.GroupingExecution" name="ft3" time="0.004"/>
  <system-out>
    <![CDATA[Functional test3]]>
  </system-out>
  <testcase classname="TestNG.GroupingExecution" name="itgrp2" time="0.002"/>
  <system-out>
    <![CDATA[IT test2]]>
  </system-out>
</testsuite> <!-- TestNG.GroupingExecution -->
