<?xml version="1.0" encoding="UTF-8"?>
<!-- Generated by org.testng.reporters.JUnitReportReporter -->
<testsuite hostname="DESKTOP-0PLJKRS" failures="0" tests="2" name="TestNG.Enabled" time="0.016" errors="0" timestamp="2022-11-02T17:22:08 IST" skipped="1">
  <testcase classname="TestNG.Enabled" name="abc" time="0.016"/>
  <system-out>
    <![CDATA[Enable successfully]]>
  </system-out>
  <testcase classname="TestNG.Enabled" name="xyz">
    <skipped/>
  </testcase> <!-- xyz -->
  <system-out/>
</testsuite> <!-- TestNG.Enabled -->
