<?xml version="1.0" encoding="UTF-8"?>
<!-- Generated by org.testng.reporters.JUnitReportReporter -->
<testsuite hostname="DESKTOP-0PLJKRS" failures="0" tests="1" name="TestNGCrossBrowser.CrossBrowserTest1" time="6.147" errors="0" timestamp="2022-11-03T19:26:19 IST" skipped="0">
  <testcase classname="TestNGCrossBrowser.CrossBrowserTest1" name="Method1" time="6.147"/>
  <system-out>
    <![CDATA[Facebook Opened]]>
  </system-out>
</testsuite> <!-- TestNGCrossBrowser.CrossBrowserTest1 -->
