<?xml version="1.0" encoding="UTF-8"?>
<!-- Generated by org.testng.reporters.JUnitReportReporter -->
<testsuite hostname="DESKTOP-0PLJKRS" failures="0" tests="1" name="TestNGDistributedBrowser.Parallel2" time="5.707" errors="0" timestamp="2022-11-07T11:48:12 IST" skipped="0">
  <testcase classname="TestNGDistributedBrowser.Parallel2" name="Method2" time="5.707"/>
  <system-out>
    <![CDATA[Whatsapp Opened]]>
  </system-out>
</testsuite> <!-- TestNGDistributedBrowser.Parallel2 -->
