<?xml version="1.0" encoding="UTF-8"?>
<!-- Generated by org.testng.reporters.JUnitReportReporter -->
<testsuite hostname="DESKTOP-0PLJKRS" failures="0" tests="2" name="TestNG.Data" time="0.016" errors="0" timestamp="2022-11-03T18:30:38 IST" skipped="0">
  <testcase classname="TestNG.Data" name="GetData" time="0.014"/>
  <system-out>
    <![CDATA[admin1----manager-----Hyd]]>
  </system-out>
  <testcase classname="TestNG.Data" name="GetData" time="0.002"/>
  <system-out>
    <![CDATA[admin2----Employee-----Goa]]>
  </system-out>
</testsuite> <!-- TestNG.Data -->
