<?xml version="1.0" encoding="UTF-8"?>
<!-- Generated by org.testng.reporters.JUnitReportReporter -->
<testsuite hostname="DESKTOP-0PLJKRS" failures="0" tests="1" name="TestNG.SampleTest" time="14.181" errors="0" timestamp="2022-11-02T17:07:23 IST" skipped="0">
  <testcase classname="TestNG.SampleTest" name="Sample" time="14.181"/>
  <system-out>
    <![CDATA[King
GOAT]]>
  </system-out>
</testsuite> <!-- TestNG.SampleTest -->
