<?xml version="1.0" encoding="UTF-8"?>
<!-- Generated by org.testng.reporters.JUnitReportReporter -->
<testsuite hostname="DESKTOP-0PLJKRS" failures="0" tests="3" name="TestNGDistributedBrowser.ParallelMethods" time="10.283" errors="0" timestamp="2022-11-03T18:52:31 IST" skipped="0">
  <testcase classname="TestNGDistributedBrowser.ParallelMethods" name="runtest2" time="3.089"/>
  <system-out/>
  <testcase classname="TestNGDistributedBrowser.ParallelMethods" name="runtest3" time="4.310"/>
  <system-out/>
  <testcase classname="TestNGDistributedBrowser.ParallelMethods" name="runtest1" time="2.884"/>
  <system-out/>
</testsuite> <!-- TestNGDistributedBrowser.ParallelMethods -->
