<?xml version="1.0" encoding="UTF-8"?>
<!-- Generated by org.testng.reporters.JUnitReportReporter -->
<testsuite hostname="DESKTOP-0PLJKRS" failures="0" tests="1" name="TestNGCrossBrowser.CrossBrowserTest2" time="12.873" errors="0" timestamp="2022-11-03T19:26:19 IST" skipped="0">
  <testcase classname="TestNGCrossBrowser.CrossBrowserTest2" name="Method2" time="12.873"/>
  <system-out>
    <![CDATA[Whatsapp Opened]]>
  </system-out>
</testsuite> <!-- TestNGCrossBrowser.CrossBrowserTest2 -->
