<?xml version="1.0" encoding="UTF-8"?>
<!-- Generated by org.testng.reporters.JUnitReportReporter -->
<testsuite hostname="DESKTOP-0PLJKRS" failures="0" tests="1" name="TestNGCrossBrowserParallel.CrossBrowserTest3" time="13.819" errors="0" timestamp="2022-11-07T15:07:22 IST" skipped="0">
  <testcase classname="TestNGCrossBrowserParallel.CrossBrowserTest3" name="Method3" time="13.819"/>
  <system-out>
    <![CDATA[Gmail Opened]]>
  </system-out>
</testsuite> <!-- TestNGCrossBrowserParallel.CrossBrowserTest3 -->
