<?xml version="1.0" encoding="UTF-8"?>
<!-- Generated by org.testng.reporters.JUnitReportReporter -->
<testsuite hostname="DESKTOP-0PLJKRS" failures="0" tests="1" name="TestNGCrossBrowserParallel.CrossBrowserTest2" time="22.062" errors="0" timestamp="2022-11-07T15:07:23 IST" skipped="0">
  <testcase classname="TestNGCrossBrowserParallel.CrossBrowserTest2" name="Method2" time="22.062"/>
  <system-out>
    <![CDATA[Whatsapp Opened]]>
  </system-out>
</testsuite> <!-- TestNGCrossBrowserParallel.CrossBrowserTest2 -->
