<?xml version="1.0" encoding="UTF-8"?>
<!-- Generated by org.testng.reporters.JUnitReportReporter -->
<testsuite hostname="DESKTOP-0PLJKRS" failures="0" tests="1" name="TestNGCrossBrowserParallel.CrossBrowserTest1" time="12.017" errors="0" timestamp="2022-11-07T15:07:23 IST" skipped="0">
  <testcase classname="TestNGCrossBrowserParallel.CrossBrowserTest1" name="Method1" time="12.017"/>
  <system-out>
    <![CDATA[Facebook Opened]]>
  </system-out>
</testsuite> <!-- TestNGCrossBrowserParallel.CrossBrowserTest1 -->
