<?xml version="1.0" encoding="UTF-8"?>
<!-- Generated by org.testng.reporters.JUnitReportReporter -->
<testsuite hostname="DESKTOP-0PLJKRS" failures="0" tests="2" name="TestNGCrossBrowserTest.Cross3" time="37.532" errors="0" timestamp="2022-11-03T19:50:54 IST" skipped="0">
  <testcase classname="TestNGCrossBrowserTest.Cross3" name="try3" time="10.616"/>
  <system-out/>
  <testcase classname="TestNGCrossBrowserTest.Cross3" name="try3" time="26.916"/>
  <system-out/>
</testsuite> <!-- TestNGCrossBrowserTest.Cross3 -->
